Arguments: 
  D:\node\node.exe C:\Users\86138\AppData\Roaming\npm\node_modules\yarn\bin\yarn.js add @babel/plugin-proposal-dacorators --dev

PATH: 
  C:\Windows\system32;C:\Windows;C:\Windows\System32\Wbem;C:\Windows\System32\WindowsPowerShell\v1.0\;C:\Windows\System32\OpenSSH\;C:\Program Files (x86)\NVIDIA Corporation\PhysX\Common;C:\Program Files\NVIDIA Corporation\NVIDIA NvDLISR;D:\node\bin;C:\Program Files\TortoiseSVN\bin;D:\node\;C:\Program Files\Git\cmd;C:\Users\86138\AppData\Local\Microsoft\WindowsApps;D:\vscode\Microsoft VS Code\bin;C:\Users\86138\AppData\Roaming\npm;C:\Users\86138\AppData\Local\BypassRuntm

Yarn version: 
  1.21.1

Node version: 
  12.13.1

Platform: 
  win32 x64

Trace: 
  Error: https://registry.yarnpkg.com/@babel%2fplugin-proposal-dacorators: Not found
      at Request.params.callback [as _callback] (C:\Users\86138\AppData\Roaming\npm\node_modules\yarn\lib\cli.js:66947:18)
      at Request.self.callback (C:\Users\86138\AppData\Roaming\npm\node_modules\yarn\lib\cli.js:140665:22)
      at Request.emit (events.js:210:5)
      at Request.<anonymous> (C:\Users\86138\AppData\Roaming\npm\node_modules\yarn\lib\cli.js:141637:10)
      at Request.emit (events.js:210:5)
      at IncomingMessage.<anonymous> (C:\Users\86138\AppData\Roaming\npm\node_modules\yarn\lib\cli.js:141559:12)
      at Object.onceWrapper (events.js:299:28)
      at IncomingMessage.emit (events.js:215:7)
      at endReadableNT (_stream_readable.js:1184:12)
      at processTicksAndRejections (internal/process/task_queues.js:80:21)

npm manifest: 
  {
    "dependencies": {
      "customize-cra": "^0.9.1",
      "react-app-rewired": "^2.1.5"
    }
  }

yarn manifest: 
  No manifest

Lockfile: 
  # THIS IS AN AUTOGENERATED FILE. DO NOT EDIT THIS FILE DIRECTLY.
  # yarn lockfile v1
  
  
  customize-cra@^0.9.1:
    version "0.9.1"
    resolved "https://registry.yarnpkg.com/customize-cra/-/customize-cra-0.9.1.tgz#76b42c4f537c16329eccc09cfefd804d04c81550"
    integrity sha512-LISruJ6ak6u+HVQ2vPI+HE4inpPugB73KB9YIpE2J1TW5L1Vrjzm3l2Yupyy+1alJGwAd5GAb5Hfc9qmSUuHow==
    dependencies:
      lodash.flow "^3.5.0"
  
  lodash.flow@^3.5.0:
    version "3.5.0"
    resolved "https://registry.yarnpkg.com/lodash.flow/-/lodash.flow-3.5.0.tgz#87bf40292b8cf83e4e8ce1a3ae4209e20071675a"
    integrity sha1-h79AKSuM+D5OjOGjrkIJ4gBxZ1o=
  
  react-app-rewired@^2.1.5:
    version "2.1.5"
    resolved "https://registry.yarnpkg.com/react-app-rewired/-/react-app-rewired-2.1.5.tgz#592ec2eae5c3c5cd96c80930b5dc3f6c34da1dc6"
    integrity sha512-Gr8KfCeL9/PTQs8Vvxc7v8wQ9vCFMnYPhcAkrMlzkLiMFXS+BgSwm11MoERjZm7dpA2WjTi+Pvbu/w7rujAV+A==
    dependencies:
      semver "^5.6.0"
  
  semver@^5.6.0:
    version "5.7.1"
    resolved "https://registry.yarnpkg.com/semver/-/semver-5.7.1.tgz#a954f931aeba508d307bbf069eff0c01c96116f7"
    integrity sha512-sauaDf/PZdVgrLTNYHRtpXa1iRiKcaebiKQ1BJdpQlWH2lCvexQdX55snPFyK7QzpudqbCI0qXFfOasHdyNDGQ==
